=== Starting lambda_kink=175 (Fri Jun 26 09:37:11 PM CEST 2026) ===
Device: cuda
Training samples: 5355 | Validation samples: 945 (64×64)
Split file: /home/jordan/Documents/Fundamental Research in Deep Learning/control_dataset/data/train/val_split.npz (seed=42, val_fraction=0.15)
--- Kink-weighted loss ---
  lambda_kink:              175.0
  kink_radius_frac:         0.05 (0.0707 abs, 5.0% diagonal)
  mean kink free-pixel frac: 0.00569 (train set)
  loss = whole_relL2 + lambda_kink * near_kink_relL2
  effective kink term weight ≈ lambda * frac = 0.995 (vs 1.0 for whole-domain term at unit loss)
--- Learning rate schedule ---
  Initial LR:           1.000000e-03
  Decay gamma:          0.95
  Decay every:          1675 steps (~5 epochs, 335 steps/epoch)
  Expected decay events over 200 epochs: 40
  Estimated final LR:   1.285122e-04
Epoch    1/200  train whole=0.5477 kink=0.4868 total=85.7315  val whole=0.5259 kink=0.4555 total=80.2402
Epoch   20/200  train whole=0.4747 kink=0.3498 total=61.6913  val whole=0.4816 kink=0.4856 total=85.4605
Epoch   40/200  train whole=0.4406 kink=0.1184 total=21.1671  val whole=0.4469 kink=0.5898 total=103.6591
Epoch   60/200  train whole=0.4374 kink=0.0650 total=11.8177  val whole=0.4414 kink=0.5967 total=104.8681
Epoch   80/200  train whole=0.4329 kink=0.0445 total=8.2225  val whole=0.4370 kink=0.5890 total=103.5161
Epoch  100/200  train whole=0.4291 kink=0.0337 total=6.3316  val whole=0.4353 kink=0.5910 total=103.8581
Epoch  120/200  train whole=0.4259 kink=0.0267 total=5.0926  val whole=0.4309 kink=0.5895 total=103.6006
Epoch  140/200  train whole=0.4243 kink=0.0209 total=4.0855  val whole=0.4286 kink=0.5842 total=102.6600
Epoch  160/200  train whole=0.4224 kink=0.0169 total=3.3804  val whole=0.4274 kink=0.5845 total=102.7130
Epoch  180/200  train whole=0.4212 kink=0.0138 total=2.8441  val whole=0.4263 kink=0.5850 total=102.8040
Epoch  200/200  train whole=0.4204 kink=0.0112 total=2.3826  val whole=0.4252 kink=0.5824 total=102.3486
Saved final checkpoint to /home/jordan/Documents/Fundamental Research in Deep Learning/control_dataset/checkpoints/lambda_175/fno_final_200ep.pt
Saved best combined-val checkpoint to /home/jordan/Documents/Fundamental Research in Deep Learning/control_dataset/checkpoints/lambda_175/fno_best_val.pt
Best combined and best kink checkpoints coincide at epoch 8
Saved loss log to /home/jordan/Documents/Fundamental Research in Deep Learning/control_dataset/results/training/lambda_175/loss_log.csv
Saved loss curve to /home/jordan/Documents/Fundamental Research in Deep Learning/control_dataset/results/training/lambda_175/loss_curve.png
--- Training summary ---
lambda_kink used: 175.0  (effective weight ≈ 0.995)
Final train whole / kink / total:  0.420363 / 0.011213 / 2.382644
Final val whole / kink / total:    0.425198 / 0.582420 / 102.348619
Best val combined: 79.019204 (epoch 8)
Best val kink:     0.448696 (epoch 8)
Train kink loss epoch 1 → 200: 0.486764 → 0.011213 (decreasing)
Final learning rate: 1.285122e-04  (40 decay events)
Best validation combined total epoch (8) is 192 epochs before the final epoch (200) — validation likely worsened well before training ended.
Best validation kink-only epoch (8) is 192 epochs before the final epoch (200) — validation likely worsened well before training ended.
=== Finished lambda_kink=175 (Fri Jun 26 10:15:56 PM CEST 2026) ===
=== Starting lambda_kink=350 (Fri Jun 26 10:15:56 PM CEST 2026) ===
Device: cuda
Training samples: 5355 | Validation samples: 945 (64×64)
Split file: /home/jordan/Documents/Fundamental Research in Deep Learning/control_dataset/data/train/val_split.npz (seed=42, val_fraction=0.15)
--- Kink-weighted loss ---
  lambda_kink:              350.0
  kink_radius_frac:         0.05 (0.0707 abs, 5.0% diagonal)
  mean kink free-pixel frac: 0.00569 (train set)
  loss = whole_relL2 + lambda_kink * near_kink_relL2
  effective kink term weight ≈ lambda * frac = 1.990 (vs 1.0 for whole-domain term at unit loss)
--- Learning rate schedule ---
  Initial LR:           1.000000e-03
  Decay gamma:          0.95
  Decay every:          1675 steps (~5 epochs, 335 steps/epoch)
  Expected decay events over 200 epochs: 40
  Estimated final LR:   1.285122e-04
Epoch    1/200  train whole=0.5712 kink=0.5033 total=176.7254  val whole=0.5491 kink=0.4591 total=161.2510
Epoch   20/200  train whole=0.4979 kink=0.3021 total=106.2200  val whole=0.5089 kink=0.5179 total=181.7742
Epoch   40/200  train whole=0.4493 kink=0.0911 total=32.3469  val whole=0.4512 kink=0.5824 total=204.2852
Epoch   60/200  train whole=0.4404 kink=0.0549 total=19.6592  val whole=0.4438 kink=0.5827 total=204.3911
Epoch   80/200  train whole=0.4352 kink=0.0396 total=14.2961  val whole=0.4398 kink=0.5731 total=201.0132
Epoch  100/200  train whole=0.4315 kink=0.0303 total=11.0463  val whole=0.4361 kink=0.5864 total=205.6934
Epoch  120/200  train whole=0.4287 kink=0.0239 total=8.7907  val whole=0.4332 kink=0.5817 total=204.0321
Epoch  140/200  train whole=0.4273 kink=0.0190 total=7.0852  val whole=0.4323 kink=0.5797 total=203.3259
Epoch  160/200  train whole=0.4259 kink=0.0153 total=5.7926  val whole=0.4298 kink=0.5765 total=202.1931
Epoch  180/200  train whole=0.4251 kink=0.0126 total=4.8483  val whole=0.4292 kink=0.5779 total=202.7020
Epoch  200/200  train whole=0.4242 kink=0.0104 total=4.0577  val whole=0.4279 kink=0.5756 total=201.8884
Saved final checkpoint to /home/jordan/Documents/Fundamental Research in Deep Learning/control_dataset/checkpoints/lambda_350/fno_final_200ep.pt
Saved best combined-val checkpoint to /home/jordan/Documents/Fundamental Research in Deep Learning/control_dataset/checkpoints/lambda_350/fno_best_val.pt
Best combined and best kink checkpoints coincide at epoch 7
Saved loss log to /home/jordan/Documents/Fundamental Research in Deep Learning/control_dataset/results/training/lambda_350/loss_log.csv
Saved loss curve to /home/jordan/Documents/Fundamental Research in Deep Learning/control_dataset/results/training/lambda_350/loss_curve.png
--- Training summary ---
lambda_kink used: 350.0  (effective weight ≈ 1.990)
Final train whole / kink / total:  0.424183 / 0.010381 / 4.057667
Final val whole / kink / total:    0.427946 / 0.575601 / 201.888430
Best val combined: 157.390702 (epoch 7)
Best val kink:     0.448276 (epoch 7)
Train kink loss epoch 1 → 200: 0.503298 → 0.010381 (decreasing)
Final learning rate: 1.285122e-04  (40 decay events)
Best validation combined total epoch (7) is 193 epochs before the final epoch (200) — validation likely worsened well before training ended.
Best validation kink-only epoch (7) is 193 epochs before the final epoch (200) — validation likely worsened well before training ended.
=== Finished lambda_kink=350 (Fri Jun 26 10:55:00 PM CEST 2026) ===
=== Starting lambda_kink=700 (Fri Jun 26 10:55:00 PM CEST 2026) ===
Device: cuda
Training samples: 5355 | Validation samples: 945 (64×64)
Split file: /home/jordan/Documents/Fundamental Research in Deep Learning/control_dataset/data/train/val_split.npz (seed=42, val_fraction=0.15)
--- Kink-weighted loss ---
  lambda_kink:              700.0
  kink_radius_frac:         0.05 (0.0707 abs, 5.0% diagonal)
  mean kink free-pixel frac: 0.00569 (train set)
  loss = whole_relL2 + lambda_kink * near_kink_relL2
  effective kink term weight ≈ lambda * frac = 3.981 (vs 1.0 for whole-domain term at unit loss)
--- Learning rate schedule ---
  Initial LR:           1.000000e-03
  Decay gamma:          0.95
  Decay every:          1675 steps (~5 epochs, 335 steps/epoch)
  Expected decay events over 200 epochs: 40
  Estimated final LR:   1.285122e-04
Epoch    1/200  train whole=0.5527 kink=0.5006 total=350.9914  val whole=0.4510 kink=0.4775 total=334.6673
Epoch   20/200  train whole=0.5389 kink=0.3720 total=260.9275  val whole=0.5287 kink=0.4845 total=339.6794
Epoch   40/200  train whole=0.5078 kink=0.1115 total=78.5505  val whole=0.5064 kink=0.5885 total=412.4903
