=== reduced_capacity_wd Sat Jun 27 08:12:35 PM CEST 2026 ===
Device: cuda
Training samples: 5355 | Validation samples: 945 (64×64)
Split file: /home/jordan/Documents/Fundamental Research in Deep Learning/control_dataset/data/train/val_split.npz (seed=42, val_fraction=0.15)
--- Kink-weighted loss ---
  lambda_kink:              100.0
  kink_radius_frac:         0.05 (0.0707 abs, 5.0% diagonal)
  mean kink free-pixel frac: 0.00569 (train set)
  loss = whole_relL2 + lambda_kink * near_kink_relL2
  effective kink term weight ≈ lambda * frac = 0.569 (vs 1.0 for whole-domain term at unit loss)
--- Model capacity ---
  width=16  modes=8  n_layers=3
  trainable parameters (this run): 103,249
  trainable parameters (baseline): 1,204,001  (width=32, modes=12, n_layers=4)
  capacity ratio vs baseline: 0.086
--- Optimizer ---
  AdamW  lr=1.000000e-03  weight_decay=1.000000e-04
--- Learning rate schedule ---
  Initial LR:           1.000000e-03
  Decay gamma:          0.95
  Decay every:          1675 steps (~5 epochs, 335 steps/epoch)
  Expected decay events over 200 epochs: 40
  Estimated final LR:   1.285122e-04
  LR after completing milestone epochs (computed):
    epoch 100: 3.584859e-04  (0.3585× initial)
    epoch 200: 1.285122e-04  (0.1285× initial)
Epoch    1/200  train whole=0.5367 kink=0.5064 total=51.1729  val whole=0.5338 kink=0.4578 total=46.3157
Epoch   20/200  train whole=0.4395 kink=0.4358 total=44.0241  val whole=0.4668 kink=0.4519 total=45.6523
Epoch   40/200  train whole=0.4441 kink=0.4006 total=40.5071  val whole=0.4687 kink=0.4735 total=47.8208
Epoch   60/200  train whole=0.4509 kink=0.3447 total=34.9179  val whole=0.4596 kink=0.5278 total=53.2431
Epoch   80/200  train whole=0.4626 kink=0.2930 total=29.7650  val whole=0.4644 kink=0.5585 total=56.3166
Epoch  100/200  train whole=0.4737 kink=0.2532 total=25.7952  val whole=0.4792 kink=0.5703 total=57.5131
Epoch  120/200  train whole=0.4812 kink=0.2250 total=22.9768  val whole=0.4832 kink=0.5765 total=58.1344
Epoch  140/200  train whole=0.4882 kink=0.2030 total=20.7853  val whole=0.4946 kink=0.5891 total=59.4026
Epoch  160/200  train whole=0.4944 kink=0.1864 total=19.1304  val whole=0.4977 kink=0.5987 total=60.3663
Epoch  180/200  train whole=0.5001 kink=0.1727 total=17.7727  val whole=0.5021 kink=0.6065 total=61.1482
Epoch  200/200  train whole=0.5039 kink=0.1628 total=16.7876  val whole=0.5075 kink=0.6094 total=61.4493
Saved final checkpoint to /home/jordan/Documents/Fundamental Research in Deep Learning/control_dataset/checkpoints/reduced_capacity_wd/fno_final_200ep.pt
Saved best combined-val checkpoint to /home/jordan/Documents/Fundamental Research in Deep Learning/control_dataset/checkpoints/reduced_capacity_wd/fno_best_val.pt
Best combined and best kink checkpoints coincide at epoch 7
Saved loss log to /home/jordan/Documents/Fundamental Research in Deep Learning/control_dataset/results/training/reduced_capacity_wd/loss_log.csv
Saved loss curve to /home/jordan/Documents/Fundamental Research in Deep Learning/control_dataset/results/training/reduced_capacity_wd/loss_curve.png
--- Training summary ---
lambda_kink used: 100.0  (effective weight ≈ 0.569)
Final train whole / kink / total:  0.503936 / 0.162837 / 16.787643
Final val whole / kink / total:    0.507502 / 0.609418 / 61.449325
Best val combined: 44.967900 (epoch 7)
Best val kink:     0.445418 (epoch 7)
Late val_kink dip: yes — min 0.449850 at epoch 23 (below epoch-20 value 0.451854)
Train kink loss epoch 1 → 200: 0.506362 → 0.162837 (decreasing)
Final learning rate: 1.285122e-04  (40 decay events)
Best validation combined total epoch (7) is 193 epochs before the final epoch (200) — validation likely worsened well before training ended.
Best validation kink-only epoch (7) is 193 epochs before the final epoch (200) — validation likely worsened well before training ended.
