Device: cuda
Training samples: 5355 | Validation samples: 945 (64×64)
Split file: /home/jordan/Documents/Fundamental Research in Deep Learning/control_dataset/data/train/val_split.npz (seed=42, val_fraction=0.15)
--- Kink-weighted loss ---
  lambda_kink:              100.0
  kink_radius_frac:         0.05 (0.0707 abs, 5.0% diagonal)
  mean kink free-pixel frac: 0.00569 (train set)
  loss = whole_relL2 + lambda_kink * near_kink_relL2
  effective kink term weight ≈ lambda * frac = 0.569 (vs 1.0 for whole-domain term at unit loss)
--- Learning rate schedule ---
  Initial LR:           1.000000e-03
  Decay gamma:          0.95
  Decay every:          1675 steps (~5 epochs, 335 steps/epoch)
  Expected decay events over 200 epochs: 40
  Estimated final LR:   1.285122e-04
Epoch    1/200  train whole=0.5494 kink=0.5038 total=50.9269  val whole=0.5182 kink=0.4535 total=45.8675
Epoch   20/200  train whole=0.4549 kink=0.3652 total=36.9784  val whole=0.4511 kink=0.4908 total=49.5360
Epoch   40/200  train whole=0.4309 kink=0.1116 total=11.5878  val whole=0.4318 kink=0.5813 total=58.5644
Epoch   60/200  train whole=0.4234 kink=0.0611 total=6.5298  val whole=0.4237 kink=0.5784 total=58.2684
Epoch   80/200  train whole=0.4172 kink=0.0437 total=4.7860  val whole=0.4213 kink=0.5861 total=59.0267
Epoch  100/200  train whole=0.4133 kink=0.0321 total=3.6242  val whole=0.4176 kink=0.5797 total=58.3871
Epoch  120/200  train whole=0.4104 kink=0.0258 total=2.9891  val whole=0.4156 kink=0.5814 total=58.5563
Epoch  140/200  train whole=0.4086 kink=0.0206 total=2.4712  val whole=0.4137 kink=0.5764 total=58.0577
Epoch  160/200  train whole=0.4072 kink=0.0165 total=2.0527  val whole=0.4123 kink=0.5791 total=58.3177
Epoch  180/200  train whole=0.4061 kink=0.0137 total=1.7732  val whole=0.4119 kink=0.5811 total=58.5256
Epoch  200/200  train whole=0.4052 kink=0.0111 total=1.5180  val whole=0.4109 kink=0.5783 total=58.2400
Saved final checkpoint to /home/jordan/Documents/Fundamental Research in Deep Learning/control_dataset/checkpoints/fno_final_200ep.pt
Saved best combined-val checkpoint to /home/jordan/Documents/Fundamental Research in Deep Learning/control_dataset/checkpoints/fno_best_val.pt
Best combined and best kink checkpoints coincide at epoch 8
Saved loss log to /home/jordan/Documents/Fundamental Research in Deep Learning/control_dataset/results/training/loss_log.csv
Saved loss curve to /home/jordan/Documents/Fundamental Research in Deep Learning/control_dataset/results/training/loss_curve.png
--- Training summary ---
lambda_kink used: 100.0  (effective weight ≈ 0.569)
Final train whole / kink / total:  0.405213 / 0.011127 / 1.517959
Final val whole / kink / total:    0.410889 / 0.578291 / 58.239982
Best val combined: 45.147986 (epoch 8)
Best val kink:     0.446587 (epoch 8)
Train kink loss epoch 1 → 200: 0.503775 → 0.011127 (decreasing)
Final learning rate: 1.285122e-04  (40 decay events)
Best validation combined total epoch (8) is 192 epochs before the final epoch (200) — validation likely worsened well before training ended.
Best validation kink-only epoch (8) is 192 epochs before the final epoch (200) — validation likely worsened well before training ended.
