=== Starting lambda_kink=175 (Fri Jun 26 09:37:11 PM CEST 2026) ===
Device: cuda
Training samples: 5355 | Validation samples: 945 (64×64)
Split file: /home/jordan/Documents/Fundamental Research in Deep Learning/control_dataset/data/train/val_split.npz (seed=42, val_fraction=0.15)
--- Kink-weighted loss ---
  lambda_kink:              175.0
  kink_radius_frac:         0.05 (0.0707 abs, 5.0% diagonal)
  mean kink free-pixel frac: 0.00569 (train set)
  loss = whole_relL2 + lambda_kink * near_kink_relL2
  effective kink term weight ≈ lambda * frac = 0.995 (vs 1.0 for whole-domain term at unit loss)
--- Learning rate schedule ---
  Initial LR:           1.000000e-03
  Decay gamma:          0.95
  Decay every:          1675 steps (~5 epochs, 335 steps/epoch)
  Expected decay events over 200 epochs: 40
  Estimated final LR:   1.285122e-04
Epoch    1/200  train whole=0.5477 kink=0.4868 total=85.7315  val whole=0.5259 kink=0.4555 total=80.2402
Epoch   20/200  train whole=0.4747 kink=0.3498 total=61.6913  val whole=0.4816 kink=0.4856 total=85.4605
Epoch   40/200  train whole=0.4406 kink=0.1184 total=21.1671  val whole=0.4469 kink=0.5898 total=103.6591
Epoch   60/200  train whole=0.4374 kink=0.0650 total=11.8177  val whole=0.4414 kink=0.5967 total=104.8681
Epoch   80/200  train whole=0.4329 kink=0.0445 total=8.2225  val whole=0.4370 kink=0.5890 total=103.5161
Epoch  100/200  train whole=0.4291 kink=0.0337 total=6.3316  val whole=0.4353 kink=0.5910 total=103.8581
Epoch  120/200  train whole=0.4259 kink=0.0267 total=5.0926  val whole=0.4309 kink=0.5895 total=103.6006
Epoch  140/200  train whole=0.4243 kink=0.0209 total=4.0855  val whole=0.4286 kink=0.5842 total=102.6600
Epoch  160/200  train whole=0.4224 kink=0.0169 total=3.3804  val whole=0.4274 kink=0.5845 total=102.7130
Epoch  180/200  train whole=0.4212 kink=0.0138 total=2.8441  val whole=0.4263 kink=0.5850 total=102.8040
Epoch  200/200  train whole=0.4204 kink=0.0112 total=2.3826  val whole=0.4252 kink=0.5824 total=102.3486
Saved final checkpoint to /home/jordan/Documents/Fundamental Research in Deep Learning/control_dataset/checkpoints/lambda_175/fno_final_200ep.pt
Saved best combined-val checkpoint to /home/jordan/Documents/Fundamental Research in Deep Learning/control_dataset/checkpoints/lambda_175/fno_best_val.pt
Best combined and best kink checkpoints coincide at epoch 8
Saved loss log to /home/jordan/Documents/Fundamental Research in Deep Learning/control_dataset/results/training/lambda_175/loss_log.csv
Saved loss curve to /home/jordan/Documents/Fundamental Research in Deep Learning/control_dataset/results/training/lambda_175/loss_curve.png
--- Training summary ---
lambda_kink used: 175.0  (effective weight ≈ 0.995)
Final train whole / kink / total:  0.420363 / 0.011213 / 2.382644
Final val whole / kink / total:    0.425198 / 0.582420 / 102.348619
Best val combined: 79.019204 (epoch 8)
Best val kink:     0.448696 (epoch 8)
Train kink loss epoch 1 → 200: 0.486764 → 0.011213 (decreasing)
Final learning rate: 1.285122e-04  (40 decay events)
Best validation combined total epoch (8) is 192 epochs before the final epoch (200) — validation likely worsened well before training ended.
Best validation kink-only epoch (8) is 192 epochs before the final epoch (200) — validation likely worsened well before training ended.
=== Finished lambda_kink=175 (Fri Jun 26 10:15:56 PM CEST 2026) ===
