=== Starting lambda_kink=700 (Sat Jun 27 03:57:16 PM CEST 2026) ===
Device: cuda
Training samples: 5355 | Validation samples: 945 (64×64)
Split file: /home/jordan/Documents/Fundamental Research in Deep Learning/control_dataset/data/train/val_split.npz (seed=42, val_fraction=0.15)
--- Kink-weighted loss ---
  lambda_kink:              700.0
  kink_radius_frac:         0.05 (0.0707 abs, 5.0% diagonal)
  mean kink free-pixel frac: 0.00569 (train set)
  loss = whole_relL2 + lambda_kink * near_kink_relL2
  effective kink term weight ≈ lambda * frac = 3.981 (vs 1.0 for whole-domain term at unit loss)
--- Learning rate schedule ---
  Initial LR:           1.000000e-03
  Decay gamma:          0.95
  Decay every:          1675 steps (~5 epochs, 335 steps/epoch)
  Expected decay events over 200 epochs: 40
  Estimated final LR:   1.285122e-04
Epoch    1/200  train whole=0.5543 kink=0.4905 total=343.9179  val whole=0.4746 kink=0.4751 total=333.0228
Epoch   20/200  train whole=0.5349 kink=0.3588 total=251.7005  val whole=0.5281 kink=0.5091 total=356.9167
Epoch   40/200  train whole=0.4662 kink=0.1144 total=80.5801  val whole=0.4664 kink=0.5943 total=416.4451
Epoch   60/200  train whole=0.4581 kink=0.0634 total=44.8600  val whole=0.4607 kink=0.6017 total=421.6295
Epoch   80/200  train whole=0.4529 kink=0.0445 total=31.5951  val whole=0.4565 kink=0.5987 total=419.5290
Epoch  100/200  train whole=0.4496 kink=0.0335 total=23.8862  val whole=0.4532 kink=0.5893 total=412.9734
Epoch  120/200  train whole=0.4465 kink=0.0262 total=18.7919  val whole=0.4505 kink=0.5896 total=413.2014
Epoch  140/200  train whole=0.4456 kink=0.0207 total=14.9691  val whole=0.4492 kink=0.5874 total=411.6087
Epoch  160/200  train whole=0.4443 kink=0.0169 total=12.3014  val whole=0.4476 kink=0.5893 total=412.9708
Epoch  180/200  train whole=0.4435 kink=0.0139 total=10.1746  val whole=0.4463 kink=0.5899 total=413.3472
Epoch  200/200  train whole=0.4428 kink=0.0115 total=8.5243  val whole=0.4459 kink=0.5882 total=412.1937
Saved final checkpoint to /home/jordan/Documents/Fundamental Research in Deep Learning/control_dataset/checkpoints/lambda_700/fno_final_200ep.pt
Saved best combined-val checkpoint to /home/jordan/Documents/Fundamental Research in Deep Learning/control_dataset/checkpoints/lambda_700/fno_best_val.pt
Best combined and best kink checkpoints coincide at epoch 8
Saved loss log to /home/jordan/Documents/Fundamental Research in Deep Learning/control_dataset/results/training/lambda_700/loss_log.csv
Saved loss curve to /home/jordan/Documents/Fundamental Research in Deep Learning/control_dataset/results/training/lambda_700/loss_curve.png
--- Training summary ---
lambda_kink used: 700.0  (effective weight ≈ 3.981)
Final train whole / kink / total:  0.442836 / 0.011545 / 8.524254
Final val whole / kink / total:    0.445933 / 0.588211 / 412.193667
Best val combined: 314.346611 (epoch 8)
Best val kink:     0.448350 (epoch 8)
Train kink loss epoch 1 → 200: 0.490519 → 0.011545 (decreasing)
Final learning rate: 1.285122e-04  (40 decay events)
Best validation combined total epoch (8) is 192 epochs before the final epoch (200) — validation likely worsened well before training ended.
Best validation kink-only epoch (8) is 192 epochs before the final epoch (200) — validation likely worsened well before training ended.
